the numbers of hash functions are: 2 3
the numbers of key arrays are: 1024 2048 4096 8192 16384 32768 65536 131072 262144 524288 1048576 2097152 4194304 8388608 16777216
mkdir: cannot create directory ‘log-exp1-2080Ti’: File exists
Start to perform insert experiment with 1024 keys on the hash table of size 33554432, 2 hash functions for 5 times.
Start to perform insert experiment with 2048 keys on the hash table of size 33554432, 2 hash functions for 5 times.
Start to perform insert experiment with 4096 keys on the hash table of size 33554432, 2 hash functions for 5 times.
Start to perform insert experiment with 8192 keys on the hash table of size 33554432, 2 hash functions for 5 times.
Start to perform insert experiment with 16384 keys on the hash table of size 33554432, 2 hash functions for 5 times.
Start to perform insert experiment with 32768 keys on the hash table of size 33554432, 2 hash functions for 5 times.
Start to perform insert experiment with 65536 keys on the hash table of size 33554432, 2 hash functions for 5 times.
Start to perform insert experiment with 131072 keys on the hash table of size 33554432, 2 hash functions for 5 times.
Start to perform insert experiment with 262144 keys on the hash table of size 33554432, 2 hash functions for 5 times.
Start to perform insert experiment with 524288 keys on the hash table of size 33554432, 2 hash functions for 5 times.
Start to perform insert experiment with 1048576 keys on the hash table of size 33554432, 2 hash functions for 5 times.
Start to perform insert experiment with 2097152 keys on the hash table of size 33554432, 2 hash functions for 5 times.
Start to perform insert experiment with 4194304 keys on the hash table of size 33554432, 2 hash functions for 5 times.
Start to perform insert experiment with 8388608 keys on the hash table of size 33554432, 2 hash functions for 5 times.
Start to perform insert experiment with 16777216 keys on the hash table of size 33554432, 2 hash functions for 5 times.
Start to perform insert experiment with 1024 keys on the hash table of size 33554432, 3 hash functions for 5 times.
Start to perform insert experiment with 2048 keys on the hash table of size 33554432, 3 hash functions for 5 times.
Start to perform insert experiment with 4096 keys on the hash table of size 33554432, 3 hash functions for 5 times.
Start to perform insert experiment with 8192 keys on the hash table of size 33554432, 3 hash functions for 5 times.
Start to perform insert experiment with 16384 keys on the hash table of size 33554432, 3 hash functions for 5 times.
Start to perform insert experiment with 32768 keys on the hash table of size 33554432, 3 hash functions for 5 times.
Start to perform insert experiment with 65536 keys on the hash table of size 33554432, 3 hash functions for 5 times.
Start to perform insert experiment with 131072 keys on the hash table of size 33554432, 3 hash functions for 5 times.
Start to perform insert experiment with 262144 keys on the hash table of size 33554432, 3 hash functions for 5 times.
Start to perform insert experiment with 524288 keys on the hash table of size 33554432, 3 hash functions for 5 times.
Start to perform insert experiment with 1048576 keys on the hash table of size 33554432, 3 hash functions for 5 times.
Start to perform insert experiment with 2097152 keys on the hash table of size 33554432, 3 hash functions for 5 times.
Start to perform insert experiment with 4194304 keys on the hash table of size 33554432, 3 hash functions for 5 times.
Start to perform insert experiment with 8388608 keys on the hash table of size 33554432, 3 hash functions for 5 times.
Start to perform insert experiment with 16777216 keys on the hash table of size 33554432, 3 hash functions for 5 times.
the numbers of hash functions are: 2 3
the numbers of key arrays are: 16777216
mkdir: cannot create directory ‘log-exp2-2080Ti’: File exists
Start to perform insert & look up experiment with 16777216 keys on the hash table of size 33554432, 2 hash functions for 5 times.
Generated 16777216 keys
Generated 0-th lookup
Generated 1-th lookup
Generated 2-th lookup
Generated 3-th lookup
Generated 4-th lookup
Generated 5-th lookup
Generated 6-th lookup
Generated 7-th lookup
Generated 8-th lookup
Generated 9-th lookup
Generated 10-th lookup
Generated 16777216 keys
Generated 0-th lookup
Generated 1-th lookup
Generated 2-th lookup
Generated 3-th lookup
Generated 4-th lookup
Generated 5-th lookup
Generated 6-th lookup
Generated 7-th lookup
Generated 8-th lookup
Generated 9-th lookup
Generated 10-th lookup
Generated 16777216 keys
Generated 0-th lookup
Generated 1-th lookup
Generated 2-th lookup
Generated 3-th lookup
Generated 4-th lookup
Generated 5-th lookup
Generated 6-th lookup
Generated 7-th lookup
Generated 8-th lookup
Generated 9-th lookup
Generated 10-th lookup
Generated 16777216 keys
Generated 0-th lookup
Generated 1-th lookup
Generated 2-th lookup
Generated 3-th lookup
Generated 4-th lookup
Generated 5-th lookup
Generated 6-th lookup
Generated 7-th lookup
Generated 8-th lookup
Generated 9-th lookup
Generated 10-th lookup
Generated 16777216 keys
Generated 0-th lookup
Generated 1-th lookup
Generated 2-th lookup
Generated 3-th lookup
Generated 4-th lookup
Generated 5-th lookup
Generated 6-th lookup
Generated 7-th lookup
Generated 8-th lookup
Generated 9-th lookup
Generated 10-th lookup
Start to perform insert & look up experiment with 16777216 keys on the hash table of size 33554432, 3 hash functions for 5 times.
Generated 16777216 keys
Generated 0-th lookup
Generated 1-th lookup
Generated 2-th lookup
Generated 3-th lookup
Generated 4-th lookup
Generated 5-th lookup
Generated 6-th lookup
Generated 7-th lookup
Generated 8-th lookup
Generated 9-th lookup
Generated 10-th lookup
Generated 16777216 keys
Generated 0-th lookup
Generated 1-th lookup
Generated 2-th lookup
Generated 3-th lookup
Generated 4-th lookup
Generated 5-th lookup
Generated 6-th lookup
Generated 7-th lookup
Generated 8-th lookup
Generated 9-th lookup
Generated 10-th lookup
Generated 16777216 keys
Generated 0-th lookup
Generated 1-th lookup
Generated 2-th lookup
Generated 3-th lookup
Generated 4-th lookup
Generated 5-th lookup
Generated 6-th lookup
Generated 7-th lookup
Generated 8-th lookup
Generated 9-th lookup
Generated 10-th lookup
Generated 16777216 keys
Generated 0-th lookup
Generated 1-th lookup
Generated 2-th lookup
Generated 3-th lookup
Generated 4-th lookup
Generated 5-th lookup
Generated 6-th lookup
Generated 7-th lookup
Generated 8-th lookup
Generated 9-th lookup
Generated 10-th lookup
Generated 16777216 keys
Generated 0-th lookup
Generated 1-th lookup
Generated 2-th lookup
Generated 3-th lookup
Generated 4-th lookup
Generated 5-th lookup
Generated 6-th lookup
Generated 7-th lookup
Generated 8-th lookup
Generated 9-th lookup
Generated 10-th lookup
the numbers of hash functions are: 2 3
the sizes of hash tables are: 16944988 17112760 17280532 17448304 17616076 18454937 20132659 21810380 23488102 25165824 26843545 28521267 30198988 31876710 33554432
mkdir: cannot create directory ‘log-exp3-2080Ti’: File exists
Start to perform insert experiment with 16777216 keys on the hash table of size 16944988, 2 hash functions for 5 times.
Start to perform insert experiment with 16777216 keys on the hash table of size 16944988, 2 hash functions for 5 times.
Start to perform insert experiment with 16777216 keys on the hash table of size 16944988, 2 hash functions for 5 times.
Start to perform insert experiment with 16777216 keys on the hash table of size 16944988, 2 hash functions for 5 times.
Start to perform insert experiment with 16777216 keys on the hash table of size 16944988, 2 hash functions for 5 times.
Start to perform insert experiment with 16777216 keys on the hash table of size 16944988, 2 hash functions for 5 times.
Start to perform insert experiment with 16777216 keys on the hash table of size 16944988, 2 hash functions for 5 times.
Start to perform insert experiment with 16777216 keys on the hash table of size 16944988, 2 hash functions for 5 times.
Start to perform insert experiment with 16777216 keys on the hash table of size 16944988, 2 hash functions for 5 times.
Start to perform insert experiment with 16777216 keys on the hash table of size 16944988, 2 hash functions for 5 times.
Start to perform insert experiment with 16777216 keys on the hash table of size 16944988, 2 hash functions for 5 times.
Start to perform insert experiment with 16777216 keys on the hash table of size 16944988, 2 hash functions for 5 times.
Start to perform insert experiment with 16777216 keys on the hash table of size 16944988, 2 hash functions for 5 times.
Start to perform insert experiment with 16777216 keys on the hash table of size 16944988, 2 hash functions for 5 times.
Start to perform insert experiment with 16777216 keys on the hash table of size 16944988, 2 hash functions for 5 times.
Start to perform insert experiment with 16777216 keys on the hash table of size 16944988, 3 hash functions for 5 times.
Start to perform insert experiment with 16777216 keys on the hash table of size 16944988, 3 hash functions for 5 times.
Start to perform insert experiment with 16777216 keys on the hash table of size 16944988, 3 hash functions for 5 times.
Start to perform insert experiment with 16777216 keys on the hash table of size 16944988, 3 hash functions for 5 times.
Start to perform insert experiment with 16777216 keys on the hash table of size 16944988, 3 hash functions for 5 times.
Start to perform insert experiment with 16777216 keys on the hash table of size 16944988, 3 hash functions for 5 times.
Start to perform insert experiment with 16777216 keys on the hash table of size 16944988, 3 hash functions for 5 times.
Start to perform insert experiment with 16777216 keys on the hash table of size 16944988, 3 hash functions for 5 times.
Start to perform insert experiment with 16777216 keys on the hash table of size 16944988, 3 hash functions for 5 times.
Start to perform insert experiment with 16777216 keys on the hash table of size 16944988, 3 hash functions for 5 times.
Start to perform insert experiment with 16777216 keys on the hash table of size 16944988, 3 hash functions for 5 times.
Start to perform insert experiment with 16777216 keys on the hash table of size 16944988, 3 hash functions for 5 times.
Start to perform insert experiment with 16777216 keys on the hash table of size 16944988, 3 hash functions for 5 times.
Start to perform insert experiment with 16777216 keys on the hash table of size 16944988, 3 hash functions for 5 times.
Start to perform insert experiment with 16777216 keys on the hash table of size 16944988, 3 hash functions for 5 times.
the numbers of hash functions are: 2 3
the numbers of key arrays are: 16777216
mkdir: cannot create directory ‘log-exp4-2080Ti’: File exists
Start to perform insert experiment with 16777216 keys on the hash table of size 23488102, 2 hash functions for 5 times. The eviction chain increment is 1
Start to perform insert experiment with 16777216 keys on the hash table of size 23488102, 2 hash functions for 5 times. The eviction chain increment is 2
Start to perform insert experiment with 16777216 keys on the hash table of size 23488102, 2 hash functions for 5 times. The eviction chain increment is 4
Start to perform insert experiment with 16777216 keys on the hash table of size 23488102, 2 hash functions for 5 times. The eviction chain increment is 8
Start to perform insert experiment with 16777216 keys on the hash table of size 23488102, 2 hash functions for 5 times. The eviction chain increment is 16
Start to perform insert experiment with 16777216 keys on the hash table of size 23488102, 2 hash functions for 5 times. The eviction chain increment is 32
Start to perform insert experiment with 16777216 keys on the hash table of size 23488102, 2 hash functions for 5 times. The eviction chain increment is 64
Start to perform insert experiment with 16777216 keys on the hash table of size 23488102, 2 hash functions for 5 times. The eviction chain increment is 128
Start to perform insert experiment with 16777216 keys on the hash table of size 23488102, 2 hash functions for 5 times. The eviction chain increment is 256
Start to perform insert experiment with 16777216 keys on the hash table of size 23488102, 3 hash functions for 5 times. The eviction chain increment is 1
Start to perform insert experiment with 16777216 keys on the hash table of size 23488102, 3 hash functions for 5 times. The eviction chain increment is 2
Start to perform insert experiment with 16777216 keys on the hash table of size 23488102, 3 hash functions for 5 times. The eviction chain increment is 4
Start to perform insert experiment with 16777216 keys on the hash table of size 23488102, 3 hash functions for 5 times. The eviction chain increment is 8
Start to perform insert experiment with 16777216 keys on the hash table of size 23488102, 3 hash functions for 5 times. The eviction chain increment is 16
Start to perform insert experiment with 16777216 keys on the hash table of size 23488102, 3 hash functions for 5 times. The eviction chain increment is 32
Start to perform insert experiment with 16777216 keys on the hash table of size 23488102, 3 hash functions for 5 times. The eviction chain increment is 64
Start to perform insert experiment with 16777216 keys on the hash table of size 23488102, 3 hash functions for 5 times. The eviction chain increment is 128
Start to perform insert experiment with 16777216 keys on the hash table of size 23488102, 3 hash functions for 5 times. The eviction chain increment is 256
